This file contains any messages produced by compilers while
running configure, to aid debugging if configure makes a mistake.

It was created by my-plugin-package configure 1.0.0, which was
generated by GNU Autoconf 2.69.  Invocation command line was

  $ ./configure 

## --------- ##
## Platform. ##
## --------- ##

hostname = DESKTOP-4BA9L31
uname -m = x86_64
uname -r = 4.4.0-18362-Microsoft
uname -s = Linux
uname -v = #476-Microsoft Fri Nov 01 16:53:00 PST 2019

/usr/bin/uname -p = unknown
/bin/uname -X     = unknown

/bin/arch              = unknown
/usr/bin/arch -k       = unknown
/usr/convex/getsysinfo = unknown
/usr/bin/hostinfo      = unknown
/bin/machine           = unknown
/usr/bin/oslevel       = unknown
/bin/universe          = unknown

PATH: /usr/local/sbin
PATH: /usr/local/bin
PATH: /usr/sbin
PATH: /usr/bin
PATH: /sbin
PATH: /bin
PATH: /usr/games
PATH: /usr/local/games
PATH: /mnt/c/Program Files/WindowsApps/CanonicalGroupLimited.Ubuntu18.04onWindows_2020.1804.7.0_x64__79rhkp1fndgsc
PATH: /mnt/c/WINDOWS
PATH: /mnt/c/WINDOWS/system32
PATH: /mnt/c/WINDOWS/System32/Wbem
PATH: /mnt/c/WINDOWS/System32/WindowsPowerShell/v1.0
PATH: /mnt/c/Windows
PATH: /mnt/c/Windows/system32
PATH: /mnt/c/Windows/System32/Wbem
PATH: /mnt/c/Windows/System32/WindowsPowerShell/v1.0
PATH: /mnt/c/Program Files (x86)/Intel/Intel(R) Management Engine Components/iCLS/
PATH: /mnt/c/Program Files/Intel/Intel(R) Management Engine Components/iCLS/
PATH: /mnt/c/WINDOWS/System32/WindowsPowerShell/v1.0/
PATH: /mnt/c/WINDOWS/System32/OpenSSH/
PATH: /mnt/c/Program Files (x86)/Intel/Intel(R) Management Engine Components/DAL
PATH: /mnt/c/Program Files/Intel/Intel(R) Management Engine Components/DAL
PATH: /mnt/c/Program Files (x86)/Intel/Intel(R) Management Engine Components/IPT
PATH: /mnt/c/Program Files/Intel/Intel(R) Management Engine Components/IPT
PATH: /mnt/c/Program Files/Git/cmd
PATH: /mnt/c/Program Files/apache/maven/bin
PATH: /mnt/c/Program Files/Java/jdk1.8.0_202/bin
PATH: /mnt/c/Program Files/Java/jdk1.8.0_202/jre/bin
PATH: /mnt/c/Program Files/Go/bin
PATH: /mnt/c/Program Files/nodejs/
PATH: /mnt/c/cygwin64/bin
PATH: /mnt/c/gradle/gradle-5.6.3/bin
PATH: /mnt/c/Program Files (x86)/Common Files/Oracle/Java/javapath
PATH: /mnt/c/Program Files/TortoiseGit/bin
PATH: /mnt/c/Program Files/Microsoft VS Code/bin
PATH: /mnt/c/Users/d00257390/AppData/Local/Microsoft/WindowsApps
PATH: /mnt/c/Program Files/JetBrains/IntelliJ IDEA 2019.1.1/bin
PATH: /mnt/c/Program Files/JetBrains/CLion 2018.3.2/bin
PATH: /mnt/c/Program Files/JetBrains/GoLand 2018.3.2/bin
PATH: /mnt/c/Users/d00257390/AppData/Roaming/npm
PATH: /mnt/c/Users/d00257390/AppData/Local/Microsoft/WindowsApps
PATH: /mnt/c/Program Files/JetBrains/IntelliJ IDEA Community Edition 2019.3.4/bin
PATH: /mnt/c/Program Files (x86)/Graphviz 2.43.20200408.0903/bin
PATH: /snap/bin


## ----------- ##
## Core tests. ##
## ----------- ##

configure:2212: checking for a BSD-compatible install
configure:2280: result: /usr/bin/install -c
configure:2291: checking whether build environment is sane
configure:2346: result: yes
configure:2497: checking for a thread-safe mkdir -p
configure:2536: result: /bin/mkdir -p
configure:2543: checking for gawk
configure:2559: found /usr/bin/gawk
configure:2570: result: gawk
configure:2581: checking whether make sets $(MAKE)
configure:2603: result: yes
configure:2632: checking whether make supports nested variables
configure:2649: result: yes
configure:2777: checking whether to enable maintainer-specific portions of Makefiles
configure:2786: result: yes
configure:2848: checking for gcc
configure:2864: found /usr/bin/gcc
configure:2875: result: gcc
configure:3104: checking for C compiler version
configure:3113: gcc --version >&5
gcc (Ubuntu 5.5.0-12ubuntu1) 5.5.0 20171010
Copyright (C) 2015 Free Software Foundation, Inc.
This is free software; see the source for copying conditions.  There is NO
warranty; not even for MERCHANTABILITY or FITNESS FOR A PARTICULAR PURPOSE.

configure:3124: $? = 0
configure:3113: gcc -v >&5
Using built-in specs.
COLLECT_GCC=gcc
COLLECT_LTO_WRAPPER=/usr/lib/gcc/x86_64-linux-gnu/5/lto-wrapper
Target: x86_64-linux-gnu
Configured with: ../src/configure -v --with-pkgversion='Ubuntu 5.5.0-12ubuntu1' --with-bugurl=file:///usr/share/doc/gcc-5/README.Bugs --enable-languages=c,ada,c++,go,d,fortran,objc,obj-c++ --prefix=/usr --program-suffix=-5 --enable-shared --enable-linker-build-id --libexecdir=/usr/lib --without-included-gettext --enable-threads=posix --libdir=/usr/lib --enable-nls --with-sysroot=/ --enable-clocale=gnu --enable-libstdcxx-debug --enable-libstdcxx-time=yes --with-default-libstdcxx-abi=new --enable-gnu-unique-object --disable-vtable-verify --enable-libmpx --enable-plugin --enable-default-pie --with-system-zlib --enable-objc-gc --enable-multiarch --disable-werror --with-arch-32=i686 --with-abi=m64 --with-multilib-list=m32,m64,mx32 --enable-multilib --with-tune=generic --enable-checking=release --build=x86_64-linux-gnu --host=x86_64-linux-gnu --target=x86_64-linux-gnu
Thread model: posix
gcc version 5.5.0 20171010 (Ubuntu 5.5.0-12ubuntu1) 
configure:3124: $? = 0
configure:3113: gcc -V >&5
gcc: error: unrecognized command line option '-V'
gcc: fatal error: no input files
compilation terminated.
configure:3124: $? = 1
configure:3113: gcc -qversion >&5
gcc: error: unrecognized command line option '-qversion'
gcc: fatal error: no input files
compilation terminated.
configure:3124: $? = 1
configure:3144: checking whether the C compiler works
configure:3166: gcc    conftest.c  >&5
configure:3170: $? = 0
configure:3218: result: yes
configure:3221: checking for C compiler default output file name
configure:3223: result: a.out
configure:3229: checking for suffix of executables
configure:3236: gcc -o conftest    conftest.c  >&5
configure:3240: $? = 0
configure:3262: result: 
configure:3284: checking whether we are cross compiling
configure:3292: gcc -o conftest    conftest.c  >&5
configure:3296: $? = 0
configure:3303: ./conftest
configure:3307: $? = 0
configure:3322: result: no
configure:3327: checking for suffix of object files
configure:3349: gcc -c   conftest.c >&5
configure:3353: $? = 0
configure:3374: result: o
configure:3378: checking whether we are using the GNU C compiler
configure:3397: gcc -c   conftest.c >&5
configure:3397: $? = 0
configure:3406: result: yes
configure:3415: checking whether gcc accepts -g
configure:3435: gcc -c -g  conftest.c >&5
configure:3435: $? = 0
configure:3476: result: yes
configure:3493: checking for gcc option to accept ISO C89
configure:3556: gcc  -c -g -O2  conftest.c >&5
configure:3556: $? = 0
configure:3569: result: none needed
configure:3594: checking whether gcc understands -c and -o together
configure:3616: gcc -c conftest.c -o conftest2.o
configure:3619: $? = 0
configure:3616: gcc -c conftest.c -o conftest2.o
configure:3619: $? = 0
configure:3631: result: yes
configure:3659: checking for style of include used by make
configure:3687: result: GNU
configure:3713: checking dependency style of gcc
configure:3824: result: gcc3
configure:3870: checking build system type
configure:3884: result: x86_64-pc-linux-gnu
configure:3904: checking host system type
configure:3917: result: x86_64-pc-linux-gnu
configure:3958: checking how to print strings
configure:3985: result: printf
configure:4006: checking for a sed that does not truncate output
configure:4070: result: /bin/sed
configure:4088: checking for grep that handles long lines and -e
configure:4146: result: /bin/grep
configure:4151: checking for egrep
configure:4213: result: /bin/grep -E
configure:4218: checking for fgrep
configure:4280: result: /bin/grep -F
configure:4315: checking for ld used by gcc
configure:4382: result: /usr/bin/ld
configure:4389: checking if the linker (/usr/bin/ld) is GNU ld
configure:4404: result: yes
configure:4416: checking for BSD- or MS-compatible name lister (nm)
configure:4470: result: /usr/bin/nm -B
configure:4600: checking the name lister (/usr/bin/nm -B) interface
configure:4607: gcc -c -g -O2  conftest.c >&5
configure:4610: /usr/bin/nm -B "conftest.o"
configure:4613: output
0000000000000000 B some_variable
configure:4620: result: BSD nm
configure:4623: checking whether ln -s works
configure:4627: result: yes
configure:4635: checking the maximum length of command line arguments
configure:4766: result: 1572864
configure:4814: checking how to convert x86_64-pc-linux-gnu file names to x86_64-pc-linux-gnu format
configure:4854: result: func_convert_file_noop
configure:4861: checking how to convert x86_64-pc-linux-gnu file names to toolchain format
configure:4881: result: func_convert_file_noop
configure:4888: checking for /usr/bin/ld option to reload object files
configure:4895: result: -r
configure:4969: checking for objdump
configure:4985: found /usr/bin/objdump
configure:4996: result: objdump
configure:5028: checking how to recognize dependent libraries
configure:5228: result: pass_all
configure:5313: checking for dlltool
configure:5343: result: no
configure:5373: checking how to associate runtime and link libraries
configure:5400: result: printf %s\n
configure:5461: checking for ar
configure:5477: found /usr/bin/ar
configure:5488: result: ar
configure:5525: checking for archiver @FILE support
configure:5542: gcc -c -g -O2  conftest.c >&5
configure:5542: $? = 0
configure:5545: ar cru libconftest.a @conftest.lst >&5
ar: `u' modifier ignored since `D' is the default (see `U')
configure:5548: $? = 0
configure:5553: ar cru libconftest.a @conftest.lst >&5
ar: `u' modifier ignored since `D' is the default (see `U')
ar: conftest.o: No such file or directory
configure:5556: $? = 1
configure:5568: result: @
configure:5626: checking for strip
configure:5642: found /usr/bin/strip
configure:5653: result: strip
configure:5725: checking for ranlib
configure:5741: found /usr/bin/ranlib
configure:5752: result: ranlib
configure:5854: checking command to parse /usr/bin/nm -B output from gcc object
configure:6007: gcc -c -g -O2  conftest.c >&5
configure:6010: $? = 0
configure:6014: /usr/bin/nm -B conftest.o \| sed -n -e 's/^.*[ ]\([ABCDGIRSTW][ABCDGIRSTW]*\)[ ][ ]*\([_A-Za-z][_A-Za-z0-9]*\)$/\1 \2 \2/p' | sed '/ __gnu_lto/d' \> conftest.nm
configure:6017: $? = 0
configure:6083: gcc -o conftest -g -O2   conftest.c conftstm.o >&5
configure:6086: $? = 0
configure:6124: result: ok
configure:6171: checking for sysroot
configure:6201: result: no
configure:6208: checking for a working dd
configure:6246: result: /bin/dd
configure:6250: checking how to truncate binary pipes
configure:6265: result: /bin/dd bs=4096 count=1
configure:6401: gcc -c -g -O2  conftest.c >&5
configure:6404: $? = 0
configure:6594: checking for mt
configure:6610: found /bin/mt
configure:6621: result: mt
configure:6644: checking if mt is a manifest tool
configure:6650: mt '-?'
configure:6658: result: no
configure:7335: checking how to run the C preprocessor
configure:7366: gcc -E  conftest.c
configure:7366: $? = 0
configure:7380: gcc -E  conftest.c
conftest.c:11:28: fatal error: ac_nonexistent.h: No such file or directory
compilation terminated.
configure:7380: $? = 1
configure: failed program was:
| /* confdefs.h */
| #define PACKAGE_NAME "my-plugin-package"
| #define PACKAGE_TARNAME "my-plugin-package"
| #define PACKAGE_VERSION "1.0.0"
| #define PACKAGE_STRING "my-plugin-package 1.0.0"
| #define PACKAGE_BUGREPORT ""
| #define PACKAGE_URL ""
| #define PACKAGE "my-plugin-package"
| #define VERSION "1.0.0"
| /* end confdefs.h.  */
| #include <ac_nonexistent.h>
configure:7405: result: gcc -E
configure:7425: gcc -E  conftest.c
configure:7425: $? = 0
configure:7439: gcc -E  conftest.c
conftest.c:11:28: fatal error: ac_nonexistent.h: No such file or directory
compilation terminated.
configure:7439: $? = 1
configure: failed program was:
| /* confdefs.h */
| #define PACKAGE_NAME "my-plugin-package"
| #define PACKAGE_TARNAME "my-plugin-package"
| #define PACKAGE_VERSION "1.0.0"
| #define PACKAGE_STRING "my-plugin-package 1.0.0"
| #define PACKAGE_BUGREPORT ""
| #define PACKAGE_URL ""
| #define PACKAGE "my-plugin-package"
| #define VERSION "1.0.0"
| /* end confdefs.h.  */
| #include <ac_nonexistent.h>
configure:7468: checking for ANSI C header files
configure:7488: gcc -c -g -O2  conftest.c >&5
configure:7488: $? = 0
configure:7561: gcc -o conftest -g -O2   conftest.c  >&5
configure:7561: $? = 0
configure:7561: ./conftest
configure:7561: $? = 0
configure:7572: result: yes
configure:7585: checking for sys/types.h
configure:7585: gcc -c -g -O2  conftest.c >&5
configure:7585: $? = 0
configure:7585: result: yes
configure:7585: checking for sys/stat.h
configure:7585: gcc -c -g -O2  conftest.c >&5
configure:7585: $? = 0
configure:7585: result: yes
configure:7585: checking for stdlib.h
configure:7585: gcc -c -g -O2  conftest.c >&5
configure:7585: $? = 0
configure:7585: result: yes
configure:7585: checking for string.h
configure:7585: gcc -c -g -O2  conftest.c >&5
configure:7585: $? = 0
configure:7585: result: yes
configure:7585: checking for memory.h
configure:7585: gcc -c -g -O2  conftest.c >&5
configure:7585: $? = 0
configure:7585: result: yes
configure:7585: checking for strings.h
configure:7585: gcc -c -g -O2  conftest.c >&5
configure:7585: $? = 0
configure:7585: result: yes
configure:7585: checking for inttypes.h
configure:7585: gcc -c -g -O2  conftest.c >&5
configure:7585: $? = 0
configure:7585: result: yes
configure:7585: checking for stdint.h
configure:7585: gcc -c -g -O2  conftest.c >&5
configure:7585: $? = 0
configure:7585: result: yes
configure:7585: checking for unistd.h
configure:7585: gcc -c -g -O2  conftest.c >&5
configure:7585: $? = 0
configure:7585: result: yes
configure:7599: checking for dlfcn.h
configure:7599: gcc -c -g -O2  conftest.c >&5
configure:7599: $? = 0
configure:7599: result: yes
configure:7855: checking for objdir
configure:7870: result: .libs
configure:8130: checking if gcc supports -fno-rtti -fno-exceptions
configure:8148: gcc -c -g -O2  -fno-rtti -fno-exceptions conftest.c >&5
cc1: warning: command line option '-fno-rtti' is valid for C++/ObjC++ but not for C
configure:8152: $? = 0
configure:8165: result: no
configure:8523: checking for gcc option to produce PIC
configure:8530: result: -fPIC -DPIC
configure:8538: checking if gcc PIC flag -fPIC -DPIC works
configure:8556: gcc -c -g -O2  -fPIC -DPIC -DPIC conftest.c >&5
configure:8560: $? = 0
configure:8573: result: yes
configure:8602: checking if gcc static flag -static works
configure:8630: result: yes
configure:8645: checking if gcc supports -c -o file.o
configure:8666: gcc -c -g -O2  -o out/conftest2.o conftest.c >&5
configure:8670: $? = 0
configure:8692: result: yes
configure:8700: checking if gcc supports -c -o file.o
configure:8747: result: yes
configure:8780: checking whether the gcc linker (/usr/bin/ld -m elf_x86_64) supports shared libraries
configure:10043: result: yes
configure:10080: checking whether -lc should be explicitly linked in
configure:10088: gcc -c -g -O2  conftest.c >&5
configure:10091: $? = 0
configure:10106: gcc -shared  -fPIC -DPIC conftest.o  -v -Wl,-soname -Wl,conftest -o conftest 2\>\&1 \| /bin/grep  -lc  \>/dev/null 2\>\&1
configure:10109: $? = 0
configure:10123: result: no
configure:10283: checking dynamic linker characteristics
configure:10864: gcc -o conftest -g -O2   -Wl,-rpath -Wl,/foo conftest.c  >&5
configure:10864: $? = 0
configure:11113: result: GNU/Linux ld.so
configure:11235: checking how to hardcode library paths into programs
configure:11260: result: immediate
configure:11808: checking whether stripping libraries is possible
configure:11813: result: yes
configure:11848: checking if libtool supports shared libraries
configure:11850: result: yes
configure:11853: checking whether to build shared libraries
configure:11878: result: yes
configure:11881: checking whether to build static libraries
configure:11885: result: yes
configure:11925: checking for pkg-config
configure:11941: found /usr/bin/pkg-config
configure:11955: result:  
configure:12018: checking for pkg-config
configure:12036: found /usr/bin/pkg-config
configure:12048: result: /usr/bin/pkg-config
configure:12073: checking pkg-config is at least version 0.9.0
configure:12076: result: yes
configure:12086: checking for GST
configure:12098: $PKG_CONFIG --exists --print-errors "
  gstreamer-1.0 >= $GST_REQUIRED
  gstreamer-base-1.0 >= $GST_REQUIRED
  gstreamer-controller-1.0 >= $GST_REQUIRED
  gstreamer-audio-1.0 >= $GST_REQUIRED
"
configure:12106: $? = 0
configure:12130: $PKG_CONFIG --exists --print-errors "
  gstreamer-1.0 >= $GST_REQUIRED
  gstreamer-base-1.0 >= $GST_REQUIRED
  gstreamer-controller-1.0 >= $GST_REQUIRED
  gstreamer-audio-1.0 >= $GST_REQUIRED
"
configure:12138: $? = 0
configure:12207: result: yes
configure:12215: checking to see if compiler understands -Wall
configure:12230: gcc -c -g -O2 -Wall  conftest.c >&5
configure:12230: $? = 0
configure:12233: result: yes
configure:12365: checking that generated files are newer than configure
configure:12371: result: done
configure:12398: creating ./config.status

## ---------------------- ##
## Running config.status. ##
## ---------------------- ##

This file was extended by my-plugin-package config.status 1.0.0, which was
generated by GNU Autoconf 2.69.  Invocation command line was

  CONFIG_FILES    = 
  CONFIG_HEADERS  = 
  CONFIG_LINKS    = 
  CONFIG_COMMANDS = 
  $ ./config.status 

on DESKTOP-4BA9L31

config.status:1096: creating Makefile
config.status:1096: creating src/Makefile
config.status:1096: creating config.h
config.status:1277: config.h is unchanged
config.status:1325: executing depfiles commands
config.status:1325: executing libtool commands

## ---------------- ##
## Cache variables. ##
## ---------------- ##

ac_cv_build=x86_64-pc-linux-gnu
ac_cv_c_compiler_gnu=yes
ac_cv_env_CC_set=
ac_cv_env_CC_value=
ac_cv_env_CFLAGS_set=
ac_cv_env_CFLAGS_value=
ac_cv_env_CPPFLAGS_set=
ac_cv_env_CPPFLAGS_value=
ac_cv_env_CPP_set=
ac_cv_env_CPP_value=
ac_cv_env_GST_CFLAGS_set=
ac_cv_env_GST_CFLAGS_value=
ac_cv_env_GST_LIBS_set=
ac_cv_env_GST_LIBS_value=
ac_cv_env_LDFLAGS_set=
ac_cv_env_LDFLAGS_value=
ac_cv_env_LIBS_set=
ac_cv_env_LIBS_value=
ac_cv_env_LT_SYS_LIBRARY_PATH_set=
ac_cv_env_LT_SYS_LIBRARY_PATH_value=
ac_cv_env_PKG_CONFIG_LIBDIR_set=
ac_cv_env_PKG_CONFIG_LIBDIR_value=
ac_cv_env_PKG_CONFIG_PATH_set=set
ac_cv_env_PKG_CONFIG_PATH_value=/usr/lib/pkgconfig:/usr/local/lib/pkgconfig/:/usr/lib/x86_64-linux-gnu/pkgconfig
ac_cv_env_PKG_CONFIG_set=
ac_cv_env_PKG_CONFIG_value=
ac_cv_env_build_alias_set=
ac_cv_env_build_alias_value=
ac_cv_env_host_alias_set=
ac_cv_env_host_alias_value=
ac_cv_env_target_alias_set=
ac_cv_env_target_alias_value=
ac_cv_header_dlfcn_h=yes
ac_cv_header_inttypes_h=yes
ac_cv_header_memory_h=yes
ac_cv_header_stdc=yes
ac_cv_header_stdint_h=yes
ac_cv_header_stdlib_h=yes
ac_cv_header_string_h=yes
ac_cv_header_strings_h=yes
ac_cv_header_sys_stat_h=yes
ac_cv_header_sys_types_h=yes
ac_cv_header_unistd_h=yes
ac_cv_host=x86_64-pc-linux-gnu
ac_cv_objext=o
ac_cv_path_EGREP='/bin/grep -E'
ac_cv_path_FGREP='/bin/grep -F'
ac_cv_path_GREP=/bin/grep
ac_cv_path_SED=/bin/sed
ac_cv_path_ac_pt_PKG_CONFIG=/usr/bin/pkg-config
ac_cv_path_install='/usr/bin/install -c'
ac_cv_path_lt_DD=/bin/dd
ac_cv_path_mkdir=/bin/mkdir
ac_cv_prog_AWK=gawk
ac_cv_prog_CPP='gcc -E'
ac_cv_prog_HAVE_PKGCONFIG=' '
ac_cv_prog_ac_ct_AR=ar
ac_cv_prog_ac_ct_CC=gcc
ac_cv_prog_ac_ct_MANIFEST_TOOL=mt
ac_cv_prog_ac_ct_OBJDUMP=objdump
ac_cv_prog_ac_ct_RANLIB=ranlib
ac_cv_prog_ac_ct_STRIP=strip
ac_cv_prog_cc_c89=
ac_cv_prog_cc_g=yes
ac_cv_prog_make_make_set=yes
am_cv_CC_dependencies_compiler_type=gcc3
am_cv_make_support_nested_variables=yes
am_cv_prog_cc_c_o=yes
lt_cv_ar_at_file=@
lt_cv_archive_cmds_need_lc=no
lt_cv_deplibs_check_method=pass_all
lt_cv_file_magic_cmd='$MAGIC_CMD'
lt_cv_file_magic_test_file=
lt_cv_ld_reload_flag=-r
lt_cv_nm_interface='BSD nm'
lt_cv_objdir=.libs
lt_cv_path_LD=/usr/bin/ld
lt_cv_path_NM='/usr/bin/nm -B'
lt_cv_path_mainfest_tool=no
lt_cv_prog_compiler_c_o=yes
lt_cv_prog_compiler_pic='-fPIC -DPIC'
lt_cv_prog_compiler_pic_works=yes
lt_cv_prog_compiler_rtti_exceptions=no
lt_cv_prog_compiler_static_works=yes
lt_cv_prog_gnu_ld=yes
lt_cv_sharedlib_from_linklib_cmd='printf %s\n'
lt_cv_shlibpath_overrides_runpath=yes
lt_cv_sys_global_symbol_pipe='sed -n -e '\''s/^.*[	 ]\([ABCDGIRSTW][ABCDGIRSTW]*\)[	 ][	 ]*\([_A-Za-z][_A-Za-z0-9]*\)$/\1 \2 \2/p'\'' | sed '\''/ __gnu_lto/d'\'''
lt_cv_sys_global_symbol_to_c_name_address='sed -n -e '\''s/^: \(.*\) .*$/  {"\1", (void *) 0},/p'\'' -e '\''s/^[ABCDGIRSTW][ABCDGIRSTW]* .* \(.*\)$/  {"\1", (void *) \&\1},/p'\'''
lt_cv_sys_global_symbol_to_c_name_address_lib_prefix='sed -n -e '\''s/^: \(.*\) .*$/  {"\1", (void *) 0},/p'\'' -e '\''s/^[ABCDGIRSTW][ABCDGIRSTW]* .* \(lib.*\)$/  {"\1", (void *) \&\1},/p'\'' -e '\''s/^[ABCDGIRSTW][ABCDGIRSTW]* .* \(.*\)$/  {"lib\1", (void *) \&\1},/p'\'''
lt_cv_sys_global_symbol_to_cdecl='sed -n -e '\''s/^T .* \(.*\)$/extern int \1();/p'\'' -e '\''s/^[ABCDGIRSTW][ABCDGIRSTW]* .* \(.*\)$/extern char \1;/p'\'''
lt_cv_sys_global_symbol_to_import=
lt_cv_sys_max_cmd_len=1572864
lt_cv_to_host_file_cmd=func_convert_file_noop
lt_cv_to_tool_file_cmd=func_convert_file_noop
lt_cv_truncate_bin='/bin/dd bs=4096 count=1'
pkg_cv_GST_CFLAGS='-pthread -I/usr/local/include/gstreamer-1.0 -I/usr/local/include -I/usr/local/include/glib-2.0 -I/usr/local/lib/glib-2.0/include'
pkg_cv_GST_LIBS='-L/usr/local/lib -lgstcontroller-1.0 -lgstaudio-1.0 -lgstbase-1.0 -lgstreamer-1.0 -lgobject-2.0 -lglib-2.0'

## ----------------- ##
## Output variables. ##
## ----------------- ##

ACLOCAL='${SHELL} /home/dongyin/gst-1.16.2/gst-template/gst-plugin/missing aclocal-1.15'
AMDEPBACKSLASH='\'
AMDEP_FALSE='#'
AMDEP_TRUE=''
AMTAR='$${TAR-tar}'
AM_BACKSLASH='\'
AM_DEFAULT_V='$(AM_DEFAULT_VERBOSITY)'
AM_DEFAULT_VERBOSITY='1'
AM_V='$(V)'
AR='ar'
AUTOCONF='${SHELL} /home/dongyin/gst-1.16.2/gst-template/gst-plugin/missing autoconf'
AUTOHEADER='${SHELL} /home/dongyin/gst-1.16.2/gst-template/gst-plugin/missing autoheader'
AUTOMAKE='${SHELL} /home/dongyin/gst-1.16.2/gst-template/gst-plugin/missing automake-1.15'
AWK='gawk'
CC='gcc'
CCDEPMODE='depmode=gcc3'
CFLAGS='-g -O2 -Wall'
CPP='gcc -E'
CPPFLAGS=''
CYGPATH_W='echo'
DEFS='-DHAVE_CONFIG_H'
DEPDIR='.deps'
DLLTOOL='false'
DSYMUTIL=''
DUMPBIN=''
ECHO_C=''
ECHO_N='-n'
ECHO_T=''
EGREP='/bin/grep -E'
EXEEXT=''
FGREP='/bin/grep -F'
GREP='/bin/grep'
GST_CFLAGS='-pthread -I/usr/local/include/gstreamer-1.0 -I/usr/local/include -I/usr/local/include/glib-2.0 -I/usr/local/lib/glib-2.0/include -Wall'
GST_LIBS='-L/usr/local/lib -lgstcontroller-1.0 -lgstaudio-1.0 -lgstbase-1.0 -lgstreamer-1.0 -lgobject-2.0 -lglib-2.0'
GST_PLUGIN_LDFLAGS='-module -avoid-version -export-symbols-regex _*\(gst_\|Gst\|GST_\).*'
HAVE_PKGCONFIG=' '
INSTALL_DATA='${INSTALL} -m 644'
INSTALL_PROGRAM='${INSTALL}'
INSTALL_SCRIPT='${INSTALL}'
INSTALL_STRIP_PROGRAM='$(install_sh) -c -s'
LD='/usr/bin/ld -m elf_x86_64'
LDFLAGS=''
LIBOBJS=''
LIBS=''
LIBTOOL='$(SHELL) $(top_builddir)/libtool'
LIPO=''
LN_S='ln -s'
LTLIBOBJS=''
LT_SYS_LIBRARY_PATH=''
MAINT=''
MAINTAINER_MODE_FALSE='#'
MAINTAINER_MODE_TRUE=''
MAKEINFO='${SHELL} /home/dongyin/gst-1.16.2/gst-template/gst-plugin/missing makeinfo'
MANIFEST_TOOL=':'
MKDIR_P='/bin/mkdir -p'
NM='/usr/bin/nm -B'
NMEDIT=''
OBJDUMP='objdump'
OBJEXT='o'
OTOOL64=''
OTOOL=''
PACKAGE='my-plugin-package'
PACKAGE_BUGREPORT=''
PACKAGE_NAME='my-plugin-package'
PACKAGE_STRING='my-plugin-package 1.0.0'
PACKAGE_TARNAME='my-plugin-package'
PACKAGE_URL=''
PACKAGE_VERSION='1.0.0'
PATH_SEPARATOR=':'
PKG_CONFIG='/usr/bin/pkg-config'
PKG_CONFIG_LIBDIR=''
PKG_CONFIG_PATH='/usr/lib/pkgconfig:/usr/local/lib/pkgconfig/:/usr/lib/x86_64-linux-gnu/pkgconfig'
RANLIB='ranlib'
SED='/bin/sed'
SET_MAKE=''
SHELL='/bin/bash'
STRIP='strip'
VERSION='1.0.0'
ac_ct_AR='ar'
ac_ct_CC='gcc'
ac_ct_DUMPBIN=''
am__EXEEXT_FALSE=''
am__EXEEXT_TRUE='#'
am__fastdepCC_FALSE='#'
am__fastdepCC_TRUE=''
am__include='include'
am__isrc=''
am__leading_dot='.'
am__nodep='_no'
am__quote=''
am__tar='$${TAR-tar} chof - "$$tardir"'
am__untar='$${TAR-tar} xf -'
bindir='${exec_prefix}/bin'
build='x86_64-pc-linux-gnu'
build_alias=''
build_cpu='x86_64'
build_os='linux-gnu'
build_vendor='pc'
datadir='${datarootdir}'
datarootdir='${prefix}/share'
docdir='${datarootdir}/doc/${PACKAGE_TARNAME}'
dvidir='${docdir}'
exec_prefix='${prefix}'
host='x86_64-pc-linux-gnu'
host_alias=''
host_cpu='x86_64'
host_os='linux-gnu'
host_vendor='pc'
htmldir='${docdir}'
includedir='${prefix}/include'
infodir='${datarootdir}/info'
install_sh='${SHELL} /home/dongyin/gst-1.16.2/gst-template/gst-plugin/install-sh'
libdir='${exec_prefix}/lib'
libexecdir='${exec_prefix}/libexec'
localedir='${datarootdir}/locale'
localstatedir='${prefix}/var'
mandir='${datarootdir}/man'
mkdir_p='$(MKDIR_P)'
oldincludedir='/usr/include'
pdfdir='${docdir}'
plugindir='$(libdir)/gstreamer-1.0'
prefix='/usr/local'
program_transform_name='s,x,x,'
psdir='${docdir}'
runstatedir='${localstatedir}/run'
sbindir='${exec_prefix}/sbin'
sharedstatedir='${prefix}/com'
sysconfdir='${prefix}/etc'
target_alias=''

## ----------- ##
## confdefs.h. ##
## ----------- ##

/* confdefs.h */
#define PACKAGE_NAME "my-plugin-package"
#define PACKAGE_TARNAME "my-plugin-package"
#define PACKAGE_VERSION "1.0.0"
#define PACKAGE_STRING "my-plugin-package 1.0.0"
#define PACKAGE_BUGREPORT ""
#define PACKAGE_URL ""
#define PACKAGE "my-plugin-package"
#define VERSION "1.0.0"
#define STDC_HEADERS 1
#define HAVE_SYS_TYPES_H 1
#define HAVE_SYS_STAT_H 1
#define HAVE_STDLIB_H 1
#define HAVE_STRING_H 1
#define HAVE_MEMORY_H 1
#define HAVE_STRINGS_H 1
#define HAVE_INTTYPES_H 1
#define HAVE_STDINT_H 1
#define HAVE_UNISTD_H 1
#define HAVE_DLFCN_H 1
#define LT_OBJDIR ".libs/"

configure: exit 0
